This is pdfTeX, Version 3.141592653-2.6-1.40.24 (MiKTeX 22.1) (preloaded format=pdflatex 2024.1.22)  23 JAN 2024 20:17
entering extended mode
 restricted \write18 enabled.
 file:line:error style messages enabled.
 %&-line parsing enabled.
**"/Users/araf/Documents/Networking Lab/Lab1/bla.tex"
(/Users/araf/Documents/Networking Lab/Lab1/bla.tex
LaTeX2e <2023-11-01> patch level 1
L3 programming layer <2024-01-04>
(/Library/Application Support/MiKTeX/texmfs/install/tex/latex/base/article.cls
Document Class: article 2023/05/17 v1.4n Standard LaTeX document class
(/Library/Application Support/MiKTeX/texmfs/install/tex/latex/base/size11.clo
File: size11.clo 2023/05/17 v1.4n Standard LaTeX file (size option)
)
\c@part=\count187
\c@section=\count188
\c@subsection=\count189
\c@subsubsection=\count190
\c@paragraph=\count191
\c@subparagraph=\count192
\c@figure=\count193
\c@table=\count194
\abovecaptionskip=\skip48
\belowcaptionskip=\skip49
\bibindent=\dimen140
) (/Library/Application Support/MiKTeX/texmfs/install/tex/latex/graphics/graphicx.sty
Package: graphicx 2021/09/16 v1.2d Enhanced LaTeX Graphics (DPC,SPQR)
 (/Library/Application Support/MiKTeX/texmfs/install/tex/latex/graphics/keyval.sty
Package: keyval 2022/05/29 v1.15 key=value parser (DPC)
\KV@toks@=\toks17
) (/Library/Application Support/MiKTeX/texmfs/install/tex/latex/graphics/graphics.sty
Package: graphics 2022/03/10 v1.4e Standard LaTeX Graphics (DPC,SPQR)
 (/Library/Application Support/MiKTeX/texmfs/install/tex/latex/graphics/trig.sty
Package: trig 2021/08/11 v1.11 sin cos tan (DPC)
) (/Library/Application Support/MiKTeX/texmfs/install/tex/latex/graphics-cfg/graphics.cfg
File: graphics.cfg 2016/06/04 v1.11 sample graphics configuration
)
Package graphics Info: Driver file: pdftex.def on input line 107.
 (/Library/Application Support/MiKTeX/texmfs/install/tex/latex/graphics-def/pdftex.def
File: pdftex.def 2022/09/22 v1.2b Graphics/color driver for pdftex
))
\Gin@req@height=\dimen141
\Gin@req@width=\dimen142
) (/Library/Application Support/MiKTeX/texmfs/install/tex/latex/url/url.sty
\Urlmuskip=\muskip16
Package: url 2013/09/16  ver 3.4  Verb mode for urls, etc.
) (/Users/araf/Library/Application Support/MiKTeX/texmfs/install/tex/latex/natbib/natbib.sty
Package: natbib 2010/09/13 8.31b (PWD, AO)
\bibhang=\skip50
\bibsep=\skip51
LaTeX Info: Redefining \cite on input line 694.
\c@NAT@ctr=\count195
) (/Library/Application Support/MiKTeX/texmfs/install/tex/latex/l3backend/l3backend-pdftex.def
File: l3backend-pdftex.def 2024-01-04 L3 backend support: PDF output (pdfTeX)
\l__color_backend_stack_int=\count196
\l__pdf_internal_box=\box51
)
No file bla.aux.
\openout1 = `bla.aux'.

LaTeX Font Info:    Checking defaults for OML/cmm/m/it on input line 7.
LaTeX Font Info:    ... okay on input line 7.
LaTeX Font Info:    Checking defaults for OMS/cmsy/m/n on input line 7.
LaTeX Font Info:    ... okay on input line 7.
LaTeX Font Info:    Checking defaults for OT1/cmr/m/n on input line 7.
LaTeX Font Info:    ... okay on input line 7.
LaTeX Font Info:    Checking defaults for T1/cmr/m/n on input line 7.
LaTeX Font Info:    ... okay on input line 7.
LaTeX Font Info:    Checking defaults for TS1/cmr/m/n on input line 7.
LaTeX Font Info:    ... okay on input line 7.
LaTeX Font Info:    Checking defaults for OMX/cmex/m/n on input line 7.
LaTeX Font Info:    ... okay on input line 7.
LaTeX Font Info:    Checking defaults for U/cmr/m/n on input line 7.
LaTeX Font Info:    ... okay on input line 7.
(/Library/Application Support/MiKTeX/texmfs/install/tex/context/base/mkii/supp-pdf.mkii
[Loading MPS to PDF converter (version 2006.09.02).]
\scratchcounter=\count197
\scratchdimen=\dimen143
\scratchbox=\box52
\nofMPsegments=\count198
\nofMParguments=\count199
\everyMPshowfont=\toks18
\MPscratchCnt=\count266
\MPscratchDim=\dimen144
\MPnumerator=\count267
\makeMPintoPDFobject=\count268
\everyMPtoPDFconversion=\toks19
) (/Library/Application Support/MiKTeX/texmfs/install/tex/latex/epstopdf-pkg/epstopdf-base.sty
Package: epstopdf-base 2020-01-24 v2.11 Base part for package epstopdf
Package epstopdf-base Info: Redefining graphics rule for `.eps' on input line 485.
 (/Library/Application Support/MiKTeX/texmfs/install/tex/latex/00miktex/epstopdf-sys.cfg
File: epstopdf-sys.cfg 2021/03/18 v2.0 Configuration of epstopdf for MiKTeX
))
<du.jpeg, id=1, 179.67125pt x 168.63pt>
File: du.jpeg Graphic file (type jpg)
<use du.jpeg>
Package pdftex.def Info: du.jpeg  used on input line 11.
(pdftex.def)             Requested size: 17.96817pt x 16.86398pt.
 [1

{/Users/araf/Library/Application Support/MiKTeX/texmfs/data/fonts/map/pdftex/pdftex.map} <./du.jpeg>] [1]
Overfull \hbox (15.24678pt too wide) in paragraph at lines 64--65
[]\OT1/cmr/m/n/10.95 The syntax for the ping command is normally "ping [hostname/IP address]."
 []


Overfull \hbox (8.67787pt too wide) in paragraph at lines 69--70
[]\OT1/cmr/m/n/10.95 Traceroute is also used to identify routing issues such as network congestion
 []

[2]
Overfull \hbox (1.01288pt too wide) in paragraph at lines 87--88
[]\OT1/cmr/m/n/10.95 ifconfig is a powerful tool that can be used to configure network interfaces.
 []

[3] [4]

LaTeX Warning: File `ping-check.png' not found on input line 116.


/Users/araf/Documents/Networking Lab/Lab1/bla.tex:116: Package pdftex.def Error: File `ping-check.png' not found: using draft setting.

See the pdftex.def package documentation for explanation.
Type  H <return>  for immediate help.
 ...                                              
                                                  
l.116 ...raphics[width=\textwidth]{ping-check.png}
                                                  
Try typing  <return>  to proceed.
If that doesn't work, type  X <return>  to quit.


LaTeX Warning: File `new-ss-traceroute-check.png' not found on input line 128.


/Users/araf/Documents/Networking Lab/Lab1/bla.tex:128: Package pdftex.def Error: File `new-ss-traceroute-check.png' not found: using draft setting.

See the pdftex.def package documentation for explanation.
Type  H <return>  for immediate help.
 ...                                              
                                                  
l.128 ...=\textwidth]{new-ss-traceroute-check.png}
                                                  
Try typing  <return>  to proceed.
If that doesn't work, type  X <return>  to quit.


LaTeX Warning: `!h' float specifier changed to `!ht'.

[5]

LaTeX Warning: File `ss4-define-num-of-probes.png' not found on input line 135.


/Users/araf/Documents/Networking Lab/Lab1/bla.tex:135: Package pdftex.def Error: File `ss4-define-num-of-probes.png' not found: using draft setting.

See the pdftex.def package documentation for explanation.
Type  H <return>  for immediate help.
 ...                                              
                                                  
l.135 ...\textwidth]{ss4-define-num-of-probes.png}
                                                  
Try typing  <return>  to proceed.
If that doesn't work, type  X <return>  to quit.


LaTeX Warning: `!h' float specifier changed to `!ht'.


LaTeX Warning: File `new-ss-limiting-num-of-probes.png' not found on input line 141.


/Users/araf/Documents/Networking Lab/Lab1/bla.tex:141: Package pdftex.def Error: File `new-ss-limiting-num-of-probes.png' not found: using draft setting.

See the pdftex.def package documentation for explanation.
Type  H <return>  for immediate help.
 ...                                              
                                                  
l.141 ...width]{new-ss-limiting-num-of-probes.png}
                                                  
Try typing  <return>  to proceed.
If that doesn't work, type  X <return>  to quit.


LaTeX Warning: `!h' float specifier changed to `!ht'.


LaTeX Warning: File `new-ss11-ifconfig-all-settings.png' not found on input line 148.


/Users/araf/Documents/Networking Lab/Lab1/bla.tex:148: Package pdftex.def Error: File `new-ss11-ifconfig-all-settings.png' not found: using draft setting.

See the pdftex.def package documentation for explanation.
Type  H <return>  for immediate help.
 ...                                              
                                                  
l.148 ...idth]{new-ss11-ifconfig-all-settings.png}
                                                  
Try typing  <return>  to proceed.
If that doesn't work, type  X <return>  to quit.


LaTeX Warning: `!h' float specifier changed to `!ht'.


LaTeX Warning: File `ss14-enable-or-disable-network-interface.png' not found on input line 155.


/Users/araf/Documents/Networking Lab/Lab1/bla.tex:155: Package pdftex.def Error: File `ss14-enable-or-disable-network-interface.png' not found: using draft setting.

See the pdftex.def package documentation for explanation.
Type  H <return>  for immediate help.
 ...                                              
                                                  
l.155 ...-enable-or-disable-network-interface.png}
                                                  
Try typing  <return>  to proceed.
If that doesn't work, type  X <return>  to quit.


LaTeX Warning: `!h' float specifier changed to `!ht'.


LaTeX Warning: File `ss18-change-all-address.png' not found on input line 162.


/Users/araf/Documents/Networking Lab/Lab1/bla.tex:162: Package pdftex.def Error: File `ss18-change-all-address.png' not found: using draft setting.

See the pdftex.def package documentation for explanation.
Type  H <return>  for immediate help.
 ...                                              
                                                  
l.162 ...=\textwidth]{ss18-change-all-address.png}
                                                  
Try typing  <return>  to proceed.
If that doesn't work, type  X <return>  to quit.


LaTeX Warning: `!h' float specifier changed to `!ht'.


LaTeX Warning: File `ss20-enable-promisc-mode.png' not found on input line 170.


/Users/araf/Documents/Networking Lab/Lab1/bla.tex:170: Package pdftex.def Error: File `ss20-enable-promisc-mode.png' not found: using draft setting.

See the pdftex.def package documentation for explanation.
Type  H <return>  for immediate help.
 ...                                              
                                                  
l.170 ...\textwidth]{ss20-enable-promisc-mode.png}
                                                  
Try typing  <return>  to proceed.
If that doesn't work, type  X <return>  to quit.


LaTeX Warning: File `ss21-disable-promisc-mode.png' not found on input line 171.


/Users/araf/Documents/Networking Lab/Lab1/bla.tex:171: Package pdftex.def Error: File `ss21-disable-promisc-mode.png' not found: using draft setting.

See the pdftex.def package documentation for explanation.
Type  H <return>  for immediate help.
 ...                                              
                                                  
l.171 ...textwidth]{ss21-disable-promisc-mode.png}
                                                  
Try typing  <return>  to proceed.
If that doesn't work, type  X <return>  to quit.


LaTeX Warning: Float too large for page by 205.52776pt on input line 173.


LaTeX Warning: `!h' float specifier changed to `!ht'.


LaTeX Warning: File `ss22-add-new-alias.png' not found on input line 177.


/Users/araf/Documents/Networking Lab/Lab1/bla.tex:177: Package pdftex.def Error: File `ss22-add-new-alias.png' not found: using draft setting.

See the pdftex.def package documentation for explanation.
Type  H <return>  for immediate help.
 ...                                              
                                                  
l.177 ...width=\textwidth]{ss22-add-new-alias.png}
                                                  
Try typing  <return>  to proceed.
If that doesn't work, type  X <return>  to quit.


LaTeX Warning: File `ss23-remove-alias.png' not found on input line 178.


/Users/araf/Documents/Networking Lab/Lab1/bla.tex:178: Package pdftex.def Error: File `ss23-remove-alias.png' not found: using draft setting.

See the pdftex.def package documentation for explanation.
Type  H <return>  for immediate help.
 ...                                              
                                                  
l.178 ...[width=\textwidth]{ss23-remove-alias.png}
                                                  
Try typing  <return>  to proceed.
If that doesn't work, type  X <return>  to quit.


LaTeX Warning: Float too large for page by 205.52776pt on input line 180.


LaTeX Warning: `!h' float specifier changed to `!ht'.


LaTeX Warning: File `arp_a.png' not found on input line 185.


/Users/araf/Documents/Networking Lab/Lab1/bla.tex:185: Package pdftex.def Error: File `arp_a.png' not found: using draft setting.

See the pdftex.def package documentation for explanation.
Type  H <return>  for immediate help.
 ...                                              
                                                  
l.185 ...ludegraphics[width=\textwidth]{arp_a.png}
                                                  
Try typing  <return>  to proceed.
If that doesn't work, type  X <return>  to quit.


LaTeX Warning: `!h' float specifier changed to `!ht'.


LaTeX Warning: File `more.png' not found on input line 191.


/Users/araf/Documents/Networking Lab/Lab1/bla.tex:191: Package pdftex.def Error: File `more.png' not found: using draft setting.

See the pdftex.def package documentation for explanation.
Type  H <return>  for immediate help.
 ...                                              
                                                  
l.191 ...cludegraphics[width=\textwidth]{more.png}
                                                  
Try typing  <return>  to proceed.
If that doesn't work, type  X <return>  to quit.


LaTeX Warning: `!h' float specifier changed to `!ht'.


LaTeX Warning: File `nslookup.png' not found on input line 197.


/Users/araf/Documents/Networking Lab/Lab1/bla.tex:197: Package pdftex.def Error: File `nslookup.png' not found: using draft setting.

See the pdftex.def package documentation for explanation.
Type  H <return>  for immediate help.
 ...                                              
                                                  
l.197 ...egraphics[width=\textwidth]{nslookup.png}
                                                  
Try typing  <return>  to proceed.
If that doesn't work, type  X <return>  to quit.


LaTeX Warning: `!h' float specifier changed to `!ht'.


LaTeX Warning: File `netstat_a.png' not found on input line 204.


/Users/araf/Documents/Networking Lab/Lab1/bla.tex:204: Package pdftex.def Error: File `netstat_a.png' not found: using draft setting.

See the pdftex.def package documentation for explanation.
Type  H <return>  for immediate help.
 ...                                              
                                                  
l.204 ...graphics[width=\textwidth]{netstat_a.png}
                                                  
Try typing  <return>  to proceed.
If that doesn't work, type  X <return>  to quit.


LaTeX Warning: `!h' float specifier changed to `!ht'.


LaTeX Warning: File `netstat_st.png' not found on input line 211.


/Users/araf/Documents/Networking Lab/Lab1/bla.tex:211: Package pdftex.def Error: File `netstat_st.png' not found: using draft setting.

See the pdftex.def package documentation for explanation.
Type  H <return>  for immediate help.
 ...                                              
                                                  
l.211 ...raphics[width=\textwidth]{netstat_st.png}
                                                  
Try typing  <return>  to proceed.
If that doesn't work, type  X <return>  to quit.


LaTeX Warning: `!h' float specifier changed to `!ht'.


LaTeX Warning: File `netstat_su.png' not found on input line 218.


/Users/araf/Documents/Networking Lab/Lab1/bla.tex:218: Package pdftex.def Error: File `netstat_su.png' not found: using draft setting.

See the pdftex.def package documentation for explanation.
Type  H <return>  for immediate help.
 ...                                              
                                                  
l.218 ...raphics[width=\textwidth]{netstat_su.png}
                                                  
Try typing  <return>  to proceed.
If that doesn't work, type  X <return>  to quit.


LaTeX Warning: `!h' float specifier changed to `!ht'.

[6] [7] [8] [9] [10] [11] [12] [13] [14] [15] [16] [17] [18] [19] (bla.aux)
 ***********
LaTeX2e <2023-11-01> patch level 1
L3 programming layer <2024-01-04>
 ***********
 ) 
Here is how much of TeX's memory you used:
 2245 strings out of 476420
 44172 string characters out of 2794239
 1931539 words of memory out of 3000000
 24322 multiletter control sequences out of 15000+600000
 560688 words of font info for 45 fonts, out of 8000000 for 9000
 0 hyphenation exceptions out of 8191
 57i,5n,65p,738b,282s stack positions out of 5000i,500n,10000p,200000b,80000s
 </Users/araf/Library/Application Support/MiKTeX/texmfs/data/fonts/pk/ljfour/jknappen/ec/dpi600/tcrm1095.pk></Library/Application Support/MiKTeX/texmfs/install/fonts/type1/public/amsfonts/cm/cmbx12.pfb></Library/Application Support/MiKTeX/texmfs/install/fonts/type1/public/amsfonts/cm/cmcsc10.pfb></Library/Application Support/MiKTeX/texmfs/install/fonts/type1/public/amsfonts/cm/cmr10.pfb></Library/Application Support/MiKTeX/texmfs/install/fonts/type1/public/amsfonts/cm/cmr12.pfb></Library/Application Support/MiKTeX/texmfs/install/fonts/type1/public/amsfonts/cm/cmtt10.pfb>
Output written on bla.pdf (20 pages, 112851 bytes).
PDF statistics:
 98 PDF objects out of 1000 (max. 8388607)
 0 named destinations out of 1000 (max. 500000)
 6 words of extra memory for PDF output out of 10000 (max. 10000000)

